<?xml version="1.0" encoding="UTF-8"?>
<coverage generated="1753739661002" clover="3.2.0">
  <project timestamp="1753739661002" name="All files">
    <metrics statements="26" coveredstatements="16" conditionals="23" coveredconditionals="17" methods="9" coveredmethods="4" elements="58" coveredelements="37" complexity="0" loc="26" ncloc="26" packages="1" files="2" classes="2"/>
    <file name="main.js" path="C:\Users\Lucas\Documents\processos_seletivos\frontend-test\public\scripts\main.js">
      <metrics statements="20" coveredstatements="10" conditionals="14" coveredconditionals="9" methods="6" coveredmethods="1"/>
      <line num="4" count="119" type="cond" truecount="4" falsecount="0"/>
      <line num="5" count="119" type="cond" truecount="1" falsecount="1"/>
      <line num="6" count="119" type="cond" truecount="1" falsecount="1"/>
      <line num="8" count="119" type="stmt"/>
      <line num="9" count="119" type="stmt"/>
      <line num="11" count="119" type="stmt"/>
      <line num="36" count="119" type="stmt"/>
      <line num="39" count="1" type="stmt"/>
      <line num="40" count="0" type="stmt"/>
      <line num="42" count="0" type="stmt"/>
      <line num="44" count="0" type="cond" truecount="0" falsecount="2"/>
      <line num="45" count="0" type="stmt"/>
      <line num="48" count="0" type="stmt"/>
      <line num="49" count="0" type="stmt"/>
      <line num="50" count="0" type="stmt"/>
      <line num="51" count="0" type="stmt"/>
      <line num="52" count="0" type="stmt"/>
      <line num="55" count="0" type="stmt"/>
      <line num="59" count="1" type="cond" truecount="3" falsecount="1"/>
      <line num="60" count="1" type="stmt"/>
    </file>
    <file name="sortParticipants.js" path="C:\Users\Lucas\Documents\processos_seletivos\frontend-test\public\scripts\sortParticipants.js">
      <metrics statements="6" coveredstatements="6" conditionals="9" coveredconditionals="8" methods="3" coveredmethods="3"/>
      <line num="1" count="2" type="cond" truecount="1" falsecount="0"/>
      <line num="2" count="13" type="stmt"/>
      <line num="3" count="1036" type="stmt"/>
      <line num="11" count="8673" type="stmt"/>
      <line num="17" count="2" type="cond" truecount="3" falsecount="1"/>
      <line num="18" count="2" type="stmt"/>
    </file>
  </project>
</coverage>
