{"C:\\Users\\Lucas\\Documents\\processos_seletivos\\frontend-test\\public\\scripts\\main.js": {"path":"C:\\Users\\Lucas\\Documents\\processos_seletivos\\frontend-test\\public\\scripts\\main.js","statementMap":{"0":{"start":{"line":4,"column":21},"end":{"line":4,"column":78}},"1":{"start":{"line":5,"column":29},"end":{"line":5,"column":103}},"2":{"start":{"line":6,"column":29},"end":{"line":6,"column":74}},"3":{"start":{"line":8,"column":26},"end":{"line":8,"column":59}},"4":{"start":{"line":9,"column":2},"end":{"line":9,"column":52}},"5":{"start":{"line":11,"column":2},"end":{"line":34,"column":4}},"6":{"start":{"line":36,"column":2},"end":{"line":36,"column":25}},"7":{"start":{"line":39,"column":0},"end":{"line":56,"column":3}},"8":{"start":{"line":40,"column":32},"end":{"line":40,"column":81}},"9":{"start":{"line":42,"column":2},"end":{"line":55,"column":42}},"10":{"start":{"line":44,"column":6},"end":{"line":44,"column":65}},"11":{"start":{"line":44,"column":24},"end":{"line":44,"column":65}},"12":{"start":{"line":45,"column":6},"end":{"line":45,"column":29}},"13":{"start":{"line":48,"column":21},"end":{"line":48,"column":60}},"14":{"start":{"line":49,"column":6},"end":{"line":53,"column":9}},"15":{"start":{"line":50,"column":8},"end":{"line":50,"column":41}},"16":{"start":{"line":51,"column":21},"end":{"line":51,"column":55}},"17":{"start":{"line":52,"column":8},"end":{"line":52,"column":48}},"18":{"start":{"line":55,"column":20},"end":{"line":55,"column":40}},"19":{"start":{"line":59,"column":0},"end":{"line":61,"column":1}},"20":{"start":{"line":60,"column":2},"end":{"line":60,"column":45}}},"fnMap":{"0":{"name":"createParticipantCard","decl":{"start":{"line":3,"column":9},"end":{"line":3,"column":30}},"loc":{"start":{"line":3,"column":44},"end":{"line":37,"column":1}},"line":3},"1":{"name":"(anonymous_1)","decl":{"start":{"line":39,"column":46},"end":{"line":39,"column":47}},"loc":{"start":{"line":39,"column":52},"end":{"line":56,"column":1}},"line":39},"2":{"name":"(anonymous_2)","decl":{"start":{"line":43,"column":10},"end":{"line":43,"column":11}},"loc":{"start":{"line":43,"column":22},"end":{"line":46,"column":5}},"line":43},"3":{"name":"(anonymous_3)","decl":{"start":{"line":47,"column":10},"end":{"line":47,"column":11}},"loc":{"start":{"line":47,"column":18},"end":{"line":54,"column":5}},"line":47},"4":{"name":"(anonymous_4)","decl":{"start":{"line":49,"column":21},"end":{"line":49,"column":22}},"loc":{"start":{"line":49,"column":45},"end":{"line":53,"column":7}},"line":49},"5":{"name":"(anonymous_5)","decl":{"start":{"line":55,"column":11},"end":{"line":55,"column":12}},"loc":{"start":{"line":55,"column":20},"end":{"line":55,"column":40}},"line":55}},"branchMap":{"0":{"loc":{"start":{"line":4,"column":22},"end":{"line":4,"column":47}},"type":"binary-expr","locations":[{"start":{"line":4,"column":22},"end":{"line":4,"column":42}},{"start":{"line":4,"column":46},"end":{"line":4,"column":47}}],"line":4},"1":{"loc":{"start":{"line":4,"column":52},"end":{"line":4,"column":77}},"type":"binary-expr","locations":[{"start":{"line":4,"column":52},"end":{"line":4,"column":72}},{"start":{"line":4,"column":76},"end":{"line":4,"column":77}}],"line":4},"2":{"loc":{"start":{"line":5,"column":29},"end":{"line":5,"column":103}},"type":"cond-expr","locations":[{"start":{"line":5,"column":46},"end":{"line":5,"column":99}},{"start":{"line":5,"column":102},"end":{"line":5,"column":103}}],"line":5},"3":{"loc":{"start":{"line":6,"column":29},"end":{"line":6,"column":74}},"type":"cond-expr","locations":[{"start":{"line":6,"column":46},"end":{"line":6,"column":70}},{"start":{"line":6,"column":73},"end":{"line":6,"column":74}}],"line":6},"4":{"loc":{"start":{"line":44,"column":6},"end":{"line":44,"column":65}},"type":"if","locations":[{"start":{"line":44,"column":6},"end":{"line":44,"column":65}},{"start":{},"end":{}}],"line":44},"5":{"loc":{"start":{"line":59,"column":0},"end":{"line":61,"column":1}},"type":"if","locations":[{"start":{"line":59,"column":0},"end":{"line":61,"column":1}},{"start":{},"end":{}}],"line":59},"6":{"loc":{"start":{"line":59,"column":4},"end":{"line":59,"column":51}},"type":"binary-expr","locations":[{"start":{"line":59,"column":4},"end":{"line":59,"column":33}},{"start":{"line":59,"column":37},"end":{"line":59,"column":51}}],"line":59}},"s":{"0":119,"1":119,"2":119,"3":119,"4":119,"5":119,"6":119,"7":1,"8":0,"9":0,"10":0,"11":0,"12":0,"13":0,"14":0,"15":0,"16":0,"17":0,"18":0,"19":1,"20":1},"f":{"0":119,"1":0,"2":0,"3":0,"4":0,"5":0},"b":{"0":[119,119],"1":[119,119],"2":[0,119],"3":[0,119],"4":[0,0],"5":[1,0],"6":[1,1]},"_coverageSchema":"1a1c01bbd47fc00a2c39e90264f33305004495a9","hash":"0de7909a245b60115b54a3242e8b165acc1df9ed"}
,"C:\\Users\\Lucas\\Documents\\processos_seletivos\\frontend-test\\public\\scripts\\sortParticipants.js": {"path":"C:\\Users\\Lucas\\Documents\\processos_seletivos\\frontend-test\\public\\scripts\\sortParticipants.js","statementMap":{"0":{"start":{"line":1,"column":32},"end":{"line":13,"column":1}},"1":{"start":{"line":2,"column":2},"end":{"line":12,"column":7}},"2":{"start":{"line":3,"column":15},"end":{"line":8,"column":5}},"3":{"start":{"line":11,"column":6},"end":{"line":11,"column":39}},"4":{"start":{"line":17,"column":0},"end":{"line":19,"column":1}},"5":{"start":{"line":18,"column":2},"end":{"line":18,"column":40}}},"fnMap":{"0":{"name":"(anonymous_0)","decl":{"start":{"line":1,"column":32},"end":{"line":1,"column":33}},"loc":{"start":{"line":1,"column":65},"end":{"line":13,"column":1}},"line":1},"1":{"name":"(anonymous_1)","decl":{"start":{"line":3,"column":9},"end":{"line":3,"column":10}},"loc":{"start":{"line":3,"column":15},"end":{"line":8,"column":5}},"line":3},"2":{"name":"(anonymous_2)","decl":{"start":{"line":9,"column":10},"end":{"line":9,"column":11}},"loc":{"start":{"line":9,"column":20},"end":{"line":12,"column":5}},"line":9}},"branchMap":{"0":{"loc":{"start":{"line":1,"column":39},"end":{"line":1,"column":60}},"type":"default-arg","locations":[{"start":{"line":1,"column":50},"end":{"line":1,"column":60}}],"line":1},"1":{"loc":{"start":{"line":6,"column":16},"end":{"line":6,"column":51}},"type":"cond-expr","locations":[{"start":{"line":6,"column":29},"end":{"line":6,"column":47}},{"start":{"line":6,"column":50},"end":{"line":6,"column":51}}],"line":6},"2":{"loc":{"start":{"line":7,"column":16},"end":{"line":7,"column":51}},"type":"cond-expr","locations":[{"start":{"line":7,"column":29},"end":{"line":7,"column":47}},{"start":{"line":7,"column":50},"end":{"line":7,"column":51}}],"line":7},"3":{"loc":{"start":{"line":17,"column":0},"end":{"line":19,"column":1}},"type":"if","locations":[{"start":{"line":17,"column":0},"end":{"line":19,"column":1}},{"start":{},"end":{}}],"line":17},"4":{"loc":{"start":{"line":17,"column":4},"end":{"line":17,"column":51}},"type":"binary-expr","locations":[{"start":{"line":17,"column":4},"end":{"line":17,"column":33}},{"start":{"line":17,"column":37},"end":{"line":17,"column":51}}],"line":17}},"s":{"0":2,"1":13,"2":1036,"3":8673,"4":2,"5":2},"f":{"0":13,"1":1036,"2":8673},"b":{"0":[1],"1":[1035,1],"2":[1034,2],"3":[2,0],"4":[2,2]},"_coverageSchema":"1a1c01bbd47fc00a2c39e90264f33305004495a9","hash":"ae10039d4f7e5cd9eddf47a48672f671a630a98f"}
}
