TN:
SF:public\scripts\main.js
FN:3,createParticipantCard
FN:39,(anonymous_1)
FN:43,(anonymous_2)
FN:47,(anonymous_3)
FN:49,(anonymous_4)
FN:55,(anonymous_5)
FNF:6
FNH:1
FNDA:119,createParticipantCard
FNDA:0,(anonymous_1)
FNDA:0,(anonymous_2)
FNDA:0,(anonymous_3)
FNDA:0,(anonymous_4)
FNDA:0,(anonymous_5)
DA:4,119
DA:5,119
DA:6,119
DA:8,119
DA:9,119
DA:11,119
DA:36,119
DA:39,1
DA:40,0
DA:42,0
DA:44,0
DA:45,0
DA:48,0
DA:49,0
DA:50,0
DA:51,0
DA:52,0
DA:55,0
DA:59,1
DA:60,1
LF:20
LH:10
BRDA:4,0,0,119
BRDA:4,0,1,119
BRDA:4,1,0,119
BRDA:4,1,1,119
BRDA:5,2,0,0
BRDA:5,2,1,119
BRDA:6,3,0,0
BRDA:6,3,1,119
BRDA:44,4,0,0
BRDA:44,4,1,0
BRDA:59,5,0,1
BRDA:59,5,1,0
BRDA:59,6,0,1
BRDA:59,6,1,1
BRF:14
BRH:9
end_of_record
TN:
SF:public\scripts\sortParticipants.js
FN:1,(anonymous_0)
FN:3,(anonymous_1)
FN:9,(anonymous_2)
FNF:3
FNH:3
FNDA:13,(anonymous_0)
FNDA:1036,(anonymous_1)
FNDA:8673,(anonymous_2)
DA:1,2
DA:2,13
DA:3,1036
DA:11,8673
DA:17,2
DA:18,2
LF:6
LH:6
BRDA:1,0,0,1
BRDA:6,1,0,1035
BRDA:6,1,1,1
BRDA:7,2,0,1034
BRDA:7,2,1,2
BRDA:17,3,0,2
BRDA:17,3,1,0
BRDA:17,4,0,2
BRDA:17,4,1,2
BRF:9
BRH:8
end_of_record
